1610174283424	geckodriver	INFO	Listening on 127.0.0.1:37399
1610174283429	mozrunner::runner	INFO	Running command: "/usr/bin/firefox" "--marionette" "-foreground" "-no-remote" "-profile" "/tmp/rust_mozprofileUnWibb"
console.warn: SearchSettings: "get: No settings file exists, new profile?" (new Error("", "(unknown module)"))
1610174291621	Marionette	INFO	Listening on port 43105
1610174291863	Marionette	WARN	TLS certificate errors will be ignored for this session
1610174492438	Marionette	INFO	Stopped listening on port 43105
1610174519082	geckodriver	INFO	Listening on 127.0.0.1:35777
1610174519090	mozrunner::runner	INFO	Running command: "/usr/bin/firefox" "--marionette" "-foreground" "-no-remote" "-profile" "/tmp/rust_mozprofileEJZyoi"
console.warn: SearchSettings: "get: No settings file exists, new profile?" (new Error("", "(unknown module)"))
1610174525362	Marionette	INFO	Listening on port 37721
1610174525468	Marionette	WARN	TLS certificate errors will be ignored for this session
1610175096413	Marionette	INFO	Stopped listening on port 37721
1610175107161	geckodriver	INFO	Listening on 127.0.0.1:45179
1610175107168	mozrunner::runner	INFO	Running command: "/usr/bin/firefox" "--marionette" "-foreground" "-no-remote" "-profile" "/tmp/rust_mozprofileSQ29PH"
console.warn: SearchSettings: "get: No settings file exists, new profile?" (new Error("", "(unknown module)"))
1610175112880	Marionette	INFO	Listening on port 39973
1610175112915	Marionette	WARN	TLS certificate errors will be ignored for this session
1610175520010	addons.xpi	ERROR	System addon update list error Error: Failed downloading XML, status: 0, reason: timeout
1610176575513	geckodriver	INFO	Listening on 127.0.0.1:40007
1610176575517	mozrunner::runner	INFO	Running command: "/usr/bin/firefox" "--marionette" "-foreground" "-no-remote" "-profile" "/tmp/rust_mozprofiledZrR77"
console.warn: SearchSettings: "get: No settings file exists, new profile?" (new Error("", "(unknown module)"))
1610176581608	Marionette	INFO	Listening on port 42905
1610176581665	Marionette	WARN	TLS certificate errors will be ignored for this session
console.error: Region.jsm: "Error fetching region" (new Error("TIMEOUT", "resource://gre/modules/Region.jsm", 726))
console.error: Region.jsm: "Failed to fetch region" (new Error("TIMEOUT", "resource://gre/modules/Region.jsm", 376))
1610176624910	Marionette	INFO	Stopped listening on port 42905

###!!! [Parent][RunMessage] Error: Channel closing: too late to send/recv, messages will be lost

1610176731111	Marionette	INFO	Stopped listening on port 39973

###!!! [Parent][RunMessage] Error: Channel closing: too late to send/recv, messages will be lost

1610176742824	geckodriver	INFO	Listening on 127.0.0.1:52457
1610176742830	mozrunner::runner	INFO	Running command: "/usr/bin/firefox" "--marionette" "-foreground" "-no-remote" "-profile" "/tmp/rust_mozprofileRZ853f"
console.warn: SearchSettings: "get: No settings file exists, new profile?" (new Error("", "(unknown module)"))
1610176748357	Marionette	INFO	Listening on port 46241
1610176748473	Marionette	WARN	TLS certificate errors will be ignored for this session
1610177095570	geckodriver	INFO	Listening on 127.0.0.1:58639
1610177096578	mozrunner::runner	INFO	Running command: "/usr/bin/firefox" "--marionette" "-foreground" "-no-remote" "-profile" "/tmp/rust_mozprofileualHso"
console.warn: SearchSettings: "get: No settings file exists, new profile?" (new Error("", "(unknown module)"))
1610177101628	Marionette	INFO	Listening on port 45651
1610177101739	Marionette	WARN	TLS certificate errors will be ignored for this session
1610177145612	Marionette	INFO	Stopped listening on port 45651

###!!! [Parent][RunMessage] Error: Channel closing: too late to send/recv, messages will be lost

JavaScript error: resource://activity-stream/lib/ASRouter.jsm, line 987: NS_ERROR_ILLEGAL_VALUE: Component returned failure code: 0x80070057 (NS_ERROR_ILLEGAL_VALUE) [nsIObserverService.removeObserver]
1610177150115	Marionette	INFO	Stopped listening on port 46241

###!!! [Parent][RunMessage] Error: Channel closing: too late to send/recv, messages will be lost

1610177161437	geckodriver	INFO	Listening on 127.0.0.1:56351
1610177162448	mozrunner::runner	INFO	Running command: "/usr/bin/firefox" "--marionette" "-foreground" "-no-remote" "-profile" "/tmp/rust_mozprofileaN5Rwy"
console.warn: SearchSettings: "get: No settings file exists, new profile?" (new Error("", "(unknown module)"))
1610177167972	Marionette	INFO	Listening on port 38443
1610177168092	Marionette	WARN	TLS certificate errors will be ignored for this session
1610177185737	Marionette	INFO	Stopped listening on port 38443
1610177192223	geckodriver	INFO	Listening on 127.0.0.1:39553
1610177192227	mozrunner::runner	INFO	Running command: "/usr/bin/firefox" "--marionette" "-foreground" "-no-remote" "-profile" "/tmp/rust_mozprofilej6vz9l"
console.warn: SearchSettings: "get: No settings file exists, new profile?" (new Error("", "(unknown module)"))
1610177198295	Marionette	INFO	Listening on port 44803
1610177198376	Marionette	WARN	TLS certificate errors will be ignored for this session
1610177463860	Marionette	INFO	Stopped listening on port 44803

###!!! [Parent][RunMessage] Error: Channel closing: too late to send/recv, messages will be lost

1610604873698	geckodriver	INFO	Listening on 127.0.0.1:52969
1610604874295	mozrunner::runner	INFO	Running command: "/usr/bin/firefox" "--marionette" "-foreground" "-no-remote" "-profile" "/tmp/rust_mozprofileLHh6jS"
console.warn: SearchSettings: "get: No settings file exists, new profile?" (new Error("", "(unknown module)"))
1610604893564	Marionette	INFO	Listening on port 39725
1610604893767	Marionette	WARN	TLS certificate errors will be ignored for this session
1610604958215	Marionette	INFO	Stopped listening on port 39725
1610604961323	geckodriver	INFO	Listening on 127.0.0.1:47871
1610604961327	mozrunner::runner	INFO	Running command: "/usr/bin/firefox" "--marionette" "-foreground" "-no-remote" "-profile" "/tmp/rust_mozprofileWOKCvW"
console.warn: SearchSettings: "get: No settings file exists, new profile?" (new Error("", "(unknown module)"))
1610604967934	Marionette	INFO	Listening on port 34069
1610604967979	Marionette	WARN	TLS certificate errors will be ignored for this session
1610605004136	Marionette	INFO	Stopped listening on port 34069

###!!! [Parent][RunMessage] Error: Channel closing: too late to send/recv, messages will be lost

1610605467441	geckodriver	INFO	Listening on 127.0.0.1:44607
1610605467445	mozrunner::runner	INFO	Running command: "/usr/bin/firefox" "--marionette" "-foreground" "-no-remote" "-profile" "/tmp/rust_mozprofilei7jakx"
console.warn: SearchSettings: "get: No settings file exists, new profile?" (new Error("", "(unknown module)"))
1610605474434	Marionette	INFO	Listening on port 37871
1610605474487	Marionette	WARN	TLS certificate errors will be ignored for this session
1610606505948	geckodriver	INFO	Listening on 127.0.0.1:54413
1610606505961	mozrunner::runner	INFO	Running command: "/usr/bin/firefox" "--marionette" "-foreground" "-no-remote" "-profile" "/tmp/rust_mozprofile6pUBGO"
console.warn: SearchSettings: "get: No settings file exists, new profile?" (new Error("", "(unknown module)"))
1610606514264	Marionette	INFO	Listening on port 45247
1610606514356	Marionette	WARN	TLS certificate errors will be ignored for this session
1610606543437	Marionette	INFO	Stopped listening on port 45247

###!!! [Parent][RunMessage] Error: Channel closing: too late to send/recv, messages will be lost

1610606551351	Marionette	INFO	Stopped listening on port 37871

###!!! [Parent][RunMessage] Error: Channel closing: too late to send/recv, messages will be lost

